[WRN][1642508914.9117114544] /home/daoist/dotfiles/zsh/antigen/bin/antigen.zsh:266
[WRN][1642508914.9117114544] -antigen-interactive-mode: file:file:file:shfunc:shfunc $_ANTIGEN_INTERACTIVE = 
[WRN][1642508914.9122045040] /home/daoist/dotfiles/zsh/antigen/bin/antigen.zsh:1590
[WRN][1642508914.9122045040] -antigen-lock-init return code was 0
[LOG][1642508914.9122967720] /home/daoist/dotfiles/zsh/antigen/bin/antigen.zsh:1592
[LOG][1642508914.9122967720] LOADED EXTENSION lock EXT
[WRN][1642508914.9145545959] /home/daoist/dotfiles/zsh/antigen/bin/antigen.zsh:1702
[WRN][1642508914.9145545959] Init parallel extension PARALLEL
[WRN][1642508914.9147000313] /home/daoist/dotfiles/zsh/antigen/bin/antigen.zsh:266
[WRN][1642508914.9147000313] -antigen-interactive-mode: file:file:file:shfunc:shfunc:shfunc:eval:shfunc:shfunc $_ANTIGEN_INTERACTIVE = 
[WRN][1642508914.9148375988] /home/daoist/dotfiles/zsh/antigen/bin/antigen.zsh:1590
[WRN][1642508914.9148375988] -antigen-parallel-init return code was 0
[LOG][1642508914.9149219990] /home/daoist/dotfiles/zsh/antigen/bin/antigen.zsh:1592
[LOG][1642508914.9149219990] LOADED EXTENSION parallel EXT
[WRN][1642508914.9150097370] /home/daoist/dotfiles/zsh/antigen/bin/antigen.zsh:1710
[WRN][1642508914.9150097370] Exec parallel extension PARALLEL
[WRN][1642508914.9154477119] /home/daoist/dotfiles/zsh/antigen/bin/antigen.zsh:266
[WRN][1642508914.9154477119] -antigen-interactive-mode: file:file:file:shfunc:shfunc:shfunc:eval:shfunc:shfunc $_ANTIGEN_INTERACTIVE = 
[WRN][1642508914.9156069756] /home/daoist/dotfiles/zsh/antigen/bin/antigen.zsh:1590
[WRN][1642508914.9156069756] -antigen-defer-init return code was 0
[LOG][1642508914.9156932831] /home/daoist/dotfiles/zsh/antigen/bin/antigen.zsh:1592
[LOG][1642508914.9156932831] LOADED EXTENSION defer EXT
[WRN][1642508914.9171960354] /home/daoist/dotfiles/zsh/antigen/bin/antigen.zsh:266
[WRN][1642508914.9171960354] -antigen-interactive-mode: file:file:file:shfunc:shfunc:shfunc:eval:shfunc:shfunc $_ANTIGEN_INTERACTIVE = 
[WRN][1642508914.9175233841] /home/daoist/dotfiles/zsh/antigen/bin/antigen.zsh:1590
[WRN][1642508914.9175233841] -antigen-cache-init return code was 0
[LOG][1642508914.9175999165] /home/daoist/dotfiles/zsh/antigen/bin/antigen.zsh:1592
[LOG][1642508914.9175999165] LOADED EXTENSION cache EXT
[WRN][1642508914.9199328423] /home/daoist/dotfiles/zsh/antigen/bin/antigen.zsh:1487
[WRN][1642508914.9199328423] Updated meta: target antigen mode once type pre called 1
[WRN][1642508914.9200458527] /home/daoist/dotfiles/zsh/antigen/bin/antigen.zsh:1502
[WRN][1642508914.9200458527] Processing hooks: antigen-lock
[WRN][1642508914.9201178551] /home/daoist/dotfiles/zsh/antigen/bin/antigen.zsh:1505
[WRN][1642508914.9201178551] Pre hook: antigen-lock use oh-my-zsh
[LOG][1642508914.9201917648] /home/daoist/dotfiles/zsh/antigen/bin/antigen.zsh:1676
[LOG][1642508914.9201917648] antigen-lock called
[WRN][1642508914.9202620983] /home/daoist/dotfiles/zsh/antigen/bin/antigen.zsh:1687
[WRN][1642508914.9202620983] Creating antigen-lock file at /home/daoist/dotfiles/zsh/.antigen/.lock
[WRN][1642508914.9227879047] /home/daoist/dotfiles/zsh/antigen/bin/antigen.zsh:1523
[WRN][1642508914.9227879047] -antigen-hook-antigen use oh-my-zsh
[WRN][1642508914.9247081280] /home/daoist/dotfiles/zsh/antigen/bin/antigen.zsh:1487
[WRN][1642508914.9247081280] Updated meta: target antigen-bundle mode repeat type replace called 1
[WRN][1642508914.9248442650] /home/daoist/dotfiles/zsh/antigen/bin/antigen.zsh:1487
[WRN][1642508914.9248442650] Updated meta: target antigen-bundle mode repeat type pre called 1
[WRN][1642508914.9249219894] /home/daoist/dotfiles/zsh/antigen/bin/antigen.zsh:1502
[WRN][1642508914.9249219894] Processing hooks: antigen-bundle-defer antigen-bundle-cached
[WRN][1642508914.9249825478] /home/daoist/dotfiles/zsh/antigen/bin/antigen.zsh:1505
[WRN][1642508914.9249825478] Pre hook: antigen-bundle-cached --loc=lib
[WRN][1642508914.9250912666] /home/daoist/dotfiles/zsh/antigen/bin/antigen.zsh:1516
[WRN][1642508914.9250912666] Replace hook: antigen-bundle-defer --loc=lib
[WRN][1642508914.9251806736] /home/daoist/dotfiles/zsh/antigen/bin/antigen.zsh:1518
[WRN][1642508914.9251806736] antigen-bundle-defer shortcircuited
[LOG][1642508914.9253334999] /home/daoist/dotfiles/zsh/antigen/bin/antigen.zsh:1536
[LOG][1642508914.9253334999] Return from hook antigen with 0
[WRN][1642508914.9255254269] /home/daoist/dotfiles/zsh/antigen/bin/antigen.zsh:1480
[WRN][1642508914.9255254269] Ignoring hook due to mode once: antigen-lock
[WRN][1642508914.9255869389] /home/daoist/dotfiles/zsh/antigen/bin/antigen.zsh:1502
[WRN][1642508914.9255869389] Processing hooks: antigen-lock
[WRN][1642508914.9256520271] /home/daoist/dotfiles/zsh/antigen/bin/antigen.zsh:1523
[WRN][1642508914.9256520271] -antigen-hook-antigen bundle sudo
[WRN][1642508914.9258387089] /home/daoist/dotfiles/zsh/antigen/bin/antigen.zsh:1487
[WRN][1642508914.9258387089] Updated meta: target antigen-bundle mode repeat type replace called 2
[WRN][1642508914.9259481430] /home/daoist/dotfiles/zsh/antigen/bin/antigen.zsh:1487
[WRN][1642508914.9259481430] Updated meta: target antigen-bundle mode repeat type pre called 2
[WRN][1642508914.9260191917] /home/daoist/dotfiles/zsh/antigen/bin/antigen.zsh:1502
[WRN][1642508914.9260191917] Processing hooks: antigen-bundle-defer antigen-bundle-cached
[WRN][1642508914.9260759354] /home/daoist/dotfiles/zsh/antigen/bin/antigen.zsh:1505
[WRN][1642508914.9260759354] Pre hook: antigen-bundle-cached sudo
[WRN][1642508914.9261753559] /home/daoist/dotfiles/zsh/antigen/bin/antigen.zsh:1516
[WRN][1642508914.9261753559] Replace hook: antigen-bundle-defer sudo
[WRN][1642508914.9262557030] /home/daoist/dotfiles/zsh/antigen/bin/antigen.zsh:1518
[WRN][1642508914.9262557030] antigen-bundle-defer shortcircuited
[LOG][1642508914.9263620377] /home/daoist/dotfiles/zsh/antigen/bin/antigen.zsh:1536
[LOG][1642508914.9263620377] Return from hook antigen with 0
[WRN][1642508914.9265239239] /home/daoist/dotfiles/zsh/antigen/bin/antigen.zsh:1480
[WRN][1642508914.9265239239] Ignoring hook due to mode once: antigen-lock
[WRN][1642508914.9265837669] /home/daoist/dotfiles/zsh/antigen/bin/antigen.zsh:1502
[WRN][1642508914.9265837669] Processing hooks: antigen-lock
[WRN][1642508914.9266481400] /home/daoist/dotfiles/zsh/antigen/bin/antigen.zsh:1523
[WRN][1642508914.9266481400] -antigen-hook-antigen bundle extract
[WRN][1642508914.9268164635] /home/daoist/dotfiles/zsh/antigen/bin/antigen.zsh:1487
[WRN][1642508914.9268164635] Updated meta: target antigen-bundle mode repeat type replace called 3
[WRN][1642508914.9269182682] /home/daoist/dotfiles/zsh/antigen/bin/antigen.zsh:1487
[WRN][1642508914.9269182682] Updated meta: target antigen-bundle mode repeat type pre called 3
[WRN][1642508914.9269864559] /home/daoist/dotfiles/zsh/antigen/bin/antigen.zsh:1502
[WRN][1642508914.9269864559] Processing hooks: antigen-bundle-defer antigen-bundle-cached
[WRN][1642508914.9270420074] /home/daoist/dotfiles/zsh/antigen/bin/antigen.zsh:1505
[WRN][1642508914.9270420074] Pre hook: antigen-bundle-cached extract
[WRN][1642508914.9271419048] /home/daoist/dotfiles/zsh/antigen/bin/antigen.zsh:1516
[WRN][1642508914.9271419048] Replace hook: antigen-bundle-defer extract
[WRN][1642508914.9272217751] /home/daoist/dotfiles/zsh/antigen/bin/antigen.zsh:1518
[WRN][1642508914.9272217751] antigen-bundle-defer shortcircuited
[LOG][1642508914.9273269176] /home/daoist/dotfiles/zsh/antigen/bin/antigen.zsh:1536
[LOG][1642508914.9273269176] Return from hook antigen with 0
[WRN][1642508914.9275040627] /home/daoist/dotfiles/zsh/antigen/bin/antigen.zsh:1480
[WRN][1642508914.9275040627] Ignoring hook due to mode once: antigen-lock
[WRN][1642508914.9275646210] /home/daoist/dotfiles/zsh/antigen/bin/antigen.zsh:1502
[WRN][1642508914.9275646210] Processing hooks: antigen-lock
[WRN][1642508914.9276304245] /home/daoist/dotfiles/zsh/antigen/bin/antigen.zsh:1523
[WRN][1642508914.9276304245] -antigen-hook-antigen bundle command-not-found
[WRN][1642508914.9278001785] /home/daoist/dotfiles/zsh/antigen/bin/antigen.zsh:1487
[WRN][1642508914.9278001785] Updated meta: target antigen-bundle mode repeat type replace called 4
[WRN][1642508914.9279067516] /home/daoist/dotfiles/zsh/antigen/bin/antigen.zsh:1487
[WRN][1642508914.9279067516] Updated meta: target antigen-bundle mode repeat type pre called 4
[WRN][1642508914.9279754162] /home/daoist/dotfiles/zsh/antigen/bin/antigen.zsh:1502
[WRN][1642508914.9279754162] Processing hooks: antigen-bundle-defer antigen-bundle-cached
[WRN][1642508914.9280307293] /home/daoist/dotfiles/zsh/antigen/bin/antigen.zsh:1505
[WRN][1642508914.9280307293] Pre hook: antigen-bundle-cached command-not-found
[WRN][1642508914.9281299114] /home/daoist/dotfiles/zsh/antigen/bin/antigen.zsh:1516
[WRN][1642508914.9281299114] Replace hook: antigen-bundle-defer command-not-found
[WRN][1642508914.9282095432] /home/daoist/dotfiles/zsh/antigen/bin/antigen.zsh:1518
[WRN][1642508914.9282095432] antigen-bundle-defer shortcircuited
[LOG][1642508914.9283146858] /home/daoist/dotfiles/zsh/antigen/bin/antigen.zsh:1536
[LOG][1642508914.9283146858] Return from hook antigen with 0
[WRN][1642508914.9284927845] /home/daoist/dotfiles/zsh/antigen/bin/antigen.zsh:1480
[WRN][1642508914.9284927845] Ignoring hook due to mode once: antigen-lock
[WRN][1642508914.9285526276] /home/daoist/dotfiles/zsh/antigen/bin/antigen.zsh:1502
[WRN][1642508914.9285526276] Processing hooks: antigen-lock
[WRN][1642508914.9286184311] /home/daoist/dotfiles/zsh/antigen/bin/antigen.zsh:1523
[WRN][1642508914.9286184311] -antigen-hook-antigen bundle zsh-users/zsh-completions
[WRN][1642508914.9287919998] /home/daoist/dotfiles/zsh/antigen/bin/antigen.zsh:1487
[WRN][1642508914.9287919998] Updated meta: target antigen-bundle mode repeat type replace called 5
[WRN][1642508914.9288942814] /home/daoist/dotfiles/zsh/antigen/bin/antigen.zsh:1487
[WRN][1642508914.9288942814] Updated meta: target antigen-bundle mode repeat type pre called 5
[WRN][1642508914.9289624691] /home/daoist/dotfiles/zsh/antigen/bin/antigen.zsh:1502
[WRN][1642508914.9289624691] Processing hooks: antigen-bundle-defer antigen-bundle-cached
[WRN][1642508914.9290184975] /home/daoist/dotfiles/zsh/antigen/bin/antigen.zsh:1505
[WRN][1642508914.9290184975] Pre hook: antigen-bundle-cached zsh-users/zsh-completions
[WRN][1642508914.9291315079] /home/daoist/dotfiles/zsh/antigen/bin/antigen.zsh:1516
[WRN][1642508914.9291315079] Replace hook: antigen-bundle-defer zsh-users/zsh-completions
[WRN][1642508914.9292173386] /home/daoist/dotfiles/zsh/antigen/bin/antigen.zsh:1518
[WRN][1642508914.9292173386] antigen-bundle-defer shortcircuited
[LOG][1642508914.9293234348] /home/daoist/dotfiles/zsh/antigen/bin/antigen.zsh:1536
[LOG][1642508914.9293234348] Return from hook antigen with 0
[WRN][1642508914.9294888973] /home/daoist/dotfiles/zsh/antigen/bin/antigen.zsh:1480
[WRN][1642508914.9294888973] Ignoring hook due to mode once: antigen-lock
[WRN][1642508914.9295487404] /home/daoist/dotfiles/zsh/antigen/bin/antigen.zsh:1502
[WRN][1642508914.9295487404] Processing hooks: antigen-lock
[WRN][1642508914.9296145439] /home/daoist/dotfiles/zsh/antigen/bin/antigen.zsh:1523
[WRN][1642508914.9296145439] -antigen-hook-antigen bundle zsh-users/zsh-autosuggestions
[WRN][1642508914.9297854900] /home/daoist/dotfiles/zsh/antigen/bin/antigen.zsh:1487
[WRN][1642508914.9297854900] Updated meta: target antigen-bundle mode repeat type replace called 6
[WRN][1642508914.9298868179] /home/daoist/dotfiles/zsh/antigen/bin/antigen.zsh:1487
[WRN][1642508914.9298868179] Updated meta: target antigen-bundle mode repeat type pre called 6
[WRN][1642508914.9299540520] /home/daoist/dotfiles/zsh/antigen/bin/antigen.zsh:1502
[WRN][1642508914.9299540520] Processing hooks: antigen-bundle-defer antigen-bundle-cached
[WRN][1642508914.9300091267] /home/daoist/dotfiles/zsh/antigen/bin/antigen.zsh:1505
[WRN][1642508914.9300091267] Pre hook: antigen-bundle-cached zsh-users/zsh-autosuggestions
[WRN][1642508914.9301075935] /home/daoist/dotfiles/zsh/antigen/bin/antigen.zsh:1516
[WRN][1642508914.9301075935] Replace hook: antigen-bundle-defer zsh-users/zsh-autosuggestions
[WRN][1642508914.9301877022] /home/daoist/dotfiles/zsh/antigen/bin/antigen.zsh:1518
[WRN][1642508914.9301877022] antigen-bundle-defer shortcircuited
[LOG][1642508914.9302976131] /home/daoist/dotfiles/zsh/antigen/bin/antigen.zsh:1536
[LOG][1642508914.9302976131] Return from hook antigen with 0
[WRN][1642508914.9304618835] /home/daoist/dotfiles/zsh/antigen/bin/antigen.zsh:1480
[WRN][1642508914.9304618835] Ignoring hook due to mode once: antigen-lock
[WRN][1642508914.9305212498] /home/daoist/dotfiles/zsh/antigen/bin/antigen.zsh:1502
[WRN][1642508914.9305212498] Processing hooks: antigen-lock
[WRN][1642508914.9305860996] /home/daoist/dotfiles/zsh/antigen/bin/antigen.zsh:1523
[WRN][1642508914.9305860996] -antigen-hook-antigen bundle zsh-users/zsh-syntax-highlighting
[WRN][1642508914.9307568073] /home/daoist/dotfiles/zsh/antigen/bin/antigen.zsh:1487
[WRN][1642508914.9307568073] Updated meta: target antigen-bundle mode repeat type replace called 7
[WRN][1642508914.9308576584] /home/daoist/dotfiles/zsh/antigen/bin/antigen.zsh:1487
[WRN][1642508914.9308576584] Updated meta: target antigen-bundle mode repeat type pre called 7
[WRN][1642508914.9309248924] /home/daoist/dotfiles/zsh/antigen/bin/antigen.zsh:1502
[WRN][1642508914.9309248924] Processing hooks: antigen-bundle-defer antigen-bundle-cached
[WRN][1642508914.9309809208] /home/daoist/dotfiles/zsh/antigen/bin/antigen.zsh:1505
[WRN][1642508914.9309809208] Pre hook: antigen-bundle-cached zsh-users/zsh-syntax-highlighting
[WRN][1642508914.9310817719] /home/daoist/dotfiles/zsh/antigen/bin/antigen.zsh:1516
[WRN][1642508914.9310817719] Replace hook: antigen-bundle-defer zsh-users/zsh-syntax-highlighting
[WRN][1642508914.9311625957] /home/daoist/dotfiles/zsh/antigen/bin/antigen.zsh:1518
[WRN][1642508914.9311625957] antigen-bundle-defer shortcircuited
[LOG][1642508914.9312677383] /home/daoist/dotfiles/zsh/antigen/bin/antigen.zsh:1536
[LOG][1642508914.9312677383] Return from hook antigen with 0
[WRN][1642508914.9314303398] /home/daoist/dotfiles/zsh/antigen/bin/antigen.zsh:1480
[WRN][1642508914.9314303398] Ignoring hook due to mode once: antigen-lock
[WRN][1642508914.9314889908] /home/daoist/dotfiles/zsh/antigen/bin/antigen.zsh:1502
[WRN][1642508914.9314889908] Processing hooks: antigen-lock
[WRN][1642508914.9315543175] /home/daoist/dotfiles/zsh/antigen/bin/antigen.zsh:1523
[WRN][1642508914.9315543175] -antigen-hook-antigen bundle zsh-users/zsh-history-substring-search
[WRN][1642508914.9317243099] /home/daoist/dotfiles/zsh/antigen/bin/antigen.zsh:1487
[WRN][1642508914.9317243099] Updated meta: target antigen-bundle mode repeat type replace called 8
[WRN][1642508914.9318258762] /home/daoist/dotfiles/zsh/antigen/bin/antigen.zsh:1487
[WRN][1642508914.9318258762] Updated meta: target antigen-bundle mode repeat type pre called 8
[WRN][1642508914.9318943024] /home/daoist/dotfiles/zsh/antigen/bin/antigen.zsh:1502
[WRN][1642508914.9318943024] Processing hooks: antigen-bundle-defer antigen-bundle-cached
[WRN][1642508914.9319505692] /home/daoist/dotfiles/zsh/antigen/bin/antigen.zsh:1505
[WRN][1642508914.9319505692] Pre hook: antigen-bundle-cached zsh-users/zsh-history-substring-search
[WRN][1642508914.9320516586] /home/daoist/dotfiles/zsh/antigen/bin/antigen.zsh:1516
[WRN][1642508914.9320516586] Replace hook: antigen-bundle-defer zsh-users/zsh-history-substring-search
[WRN][1642508914.9321334362] /home/daoist/dotfiles/zsh/antigen/bin/antigen.zsh:1518
[WRN][1642508914.9321334362] antigen-bundle-defer shortcircuited
[LOG][1642508914.9322433472] /home/daoist/dotfiles/zsh/antigen/bin/antigen.zsh:1536
[LOG][1642508914.9322433472] Return from hook antigen with 0
[WRN][1642508914.9324758053] /home/daoist/dotfiles/zsh/antigen/bin/antigen.zsh:1480
[WRN][1642508914.9324758053] Ignoring hook due to mode once: antigen-lock
[WRN][1642508914.9325594902] /home/daoist/dotfiles/zsh/antigen/bin/antigen.zsh:1502
[WRN][1642508914.9325594902] Processing hooks: antigen-lock
[WRN][1642508914.9326460361] /home/daoist/dotfiles/zsh/antigen/bin/antigen.zsh:1523
[WRN][1642508914.9326460361] -antigen-hook-antigen bundle skywind3000/z.lua
[WRN][1642508914.9328670502] /home/daoist/dotfiles/zsh/antigen/bin/antigen.zsh:1487
[WRN][1642508914.9328670502] Updated meta: target antigen-bundle mode repeat type replace called 9
[WRN][1642508914.9329812527] /home/daoist/dotfiles/zsh/antigen/bin/antigen.zsh:1487
[WRN][1642508914.9329812527] Updated meta: target antigen-bundle mode repeat type pre called 9
[WRN][1642508914.9330503941] /home/daoist/dotfiles/zsh/antigen/bin/antigen.zsh:1502
[WRN][1642508914.9330503941] Processing hooks: antigen-bundle-defer antigen-bundle-cached
[WRN][1642508914.9331068993] /home/daoist/dotfiles/zsh/antigen/bin/antigen.zsh:1505
[WRN][1642508914.9331068993] Pre hook: antigen-bundle-cached skywind3000/z.lua
[WRN][1642508914.9332070351] /home/daoist/dotfiles/zsh/antigen/bin/antigen.zsh:1516
[WRN][1642508914.9332070351] Replace hook: antigen-bundle-defer skywind3000/z.lua
[WRN][1642508914.9332880974] /home/daoist/dotfiles/zsh/antigen/bin/antigen.zsh:1518
[WRN][1642508914.9332880974] antigen-bundle-defer shortcircuited
[LOG][1642508914.9333946705] /home/daoist/dotfiles/zsh/antigen/bin/antigen.zsh:1536
[LOG][1642508914.9333946705] Return from hook antigen with 0
[WRN][1642508914.9378709793] /home/daoist/dotfiles/zsh/antigen/bin/antigen.zsh:1480
[WRN][1642508914.9378709793] Ignoring hook due to mode once: antigen-lock
[WRN][1642508914.9379611015] /home/daoist/dotfiles/zsh/antigen/bin/antigen.zsh:1502
[WRN][1642508914.9379611015] Processing hooks: antigen-lock
[WRN][1642508914.9380354881] /home/daoist/dotfiles/zsh/antigen/bin/antigen.zsh:1523
[WRN][1642508914.9380354881] -antigen-hook-antigen apply
[WRN][1642508914.9382495880] /home/daoist/dotfiles/zsh/antigen/bin/antigen.zsh:1487
[WRN][1642508914.9382495880] Updated meta: target antigen-apply mode once type post called 1
[WRN][1642508914.9383642673] /home/daoist/dotfiles/zsh/antigen/bin/antigen.zsh:1487
[WRN][1642508914.9383642673] Updated meta: target antigen-apply mode once type pre called 1
[WRN][1642508914.9384894371] /home/daoist/dotfiles/zsh/antigen/bin/antigen.zsh:1487
[WRN][1642508914.9384894371] Updated meta: target antigen-apply mode once type replace called 1
[WRN][1642508914.9386374950] /home/daoist/dotfiles/zsh/antigen/bin/antigen.zsh:1487
[WRN][1642508914.9386374950] Updated meta: target antigen-apply mode once type pre called 1
[WRN][1642508914.9387948513] /home/daoist/dotfiles/zsh/antigen/bin/antigen.zsh:1487
[WRN][1642508914.9387948513] Updated meta: target antigen-apply mode once type post called 1
[WRN][1642508914.9389040470] /home/daoist/dotfiles/zsh/antigen/bin/antigen.zsh:1502
[WRN][1642508914.9389040470] Processing hooks: antigen-apply-lock antigen-apply-parallel antigen-apply-parallel-execute antigen-apply-defer antigen-apply-cached
[WRN][1642508914.9389953613] /home/daoist/dotfiles/zsh/antigen/bin/antigen.zsh:1505
[WRN][1642508914.9389953613] Pre hook: antigen-apply-parallel
[WRN][1642508914.9391021729] /home/daoist/dotfiles/zsh/antigen/bin/antigen.zsh:1762
[WRN][1642508914.9391021729] Parallel pre-apply PARALLEL PRE-APPLY
[WRN][1642508914.9393386841] /home/daoist/dotfiles/zsh/antigen/bin/antigen.zsh:1505
[WRN][1642508914.9393386841] Pre hook: antigen-apply-defer
[WRN][1642508914.9394202232] /home/daoist/dotfiles/zsh/antigen/bin/antigen.zsh:1641
[WRN][1642508914.9394202232] Defer pre-apply DEFER PRE-APPLY
[LOG][1642508914.9396312237] /home/daoist/dotfiles/zsh/antigen/bin/antigen.zsh:1647
[LOG][1642508914.9396312237] Processing deferred bundle: --loc=lib DEFER
[WRN][1642508914.9397954941] /home/daoist/dotfiles/zsh/antigen/bin/antigen.zsh:1487
[WRN][1642508914.9397954941] Updated meta: target antigen-bundle mode repeat type pre called 10
[WRN][1642508914.9399144650] /home/daoist/dotfiles/zsh/antigen/bin/antigen.zsh:1487
[WRN][1642508914.9399144650] Updated meta: target antigen-bundle mode repeat type replace called 1
[WRN][1642508914.9399881363] /home/daoist/dotfiles/zsh/antigen/bin/antigen.zsh:1502
[WRN][1642508914.9399881363] Processing hooks: antigen-bundle-cached antigen-bundle-parallel
[WRN][1642508914.9400494099] /home/daoist/dotfiles/zsh/antigen/bin/antigen.zsh:1505
[WRN][1642508914.9400494099] Pre hook: antigen-bundle-cached --loc=lib
[WRN][1642508914.9401593208] /home/daoist/dotfiles/zsh/antigen/bin/antigen.zsh:1516
[WRN][1642508914.9401593208] Replace hook: antigen-bundle-parallel --loc=lib
[TRA][1642508914.9402377605] /home/daoist/.zshrc:1766
[TRA][1642508914.9402377605] antigen-bundle-parallel: --loc=lib PARALLEL
[TRA][1642508914.9402377605] TRACE
antigen-bundle-parallel
-antigen-hook-handler
antigen-bundle
antigen-apply-defer
-antigen-hook-handler
antigen-apply
-antigen-hook-antigen
-antigen-hook-handler
antigen
/home/daoist/.zshrc
[WRN][1642508914.9403269291] /home/daoist/dotfiles/zsh/antigen/bin/antigen.zsh:1527
[WRN][1642508914.9403269291] Replaced hooked function.
[LOG][1642508914.9403901100] /home/daoist/dotfiles/zsh/antigen/bin/antigen.zsh:1536
[LOG][1642508914.9403901100] Return from hook antigen-bundle with 0
[LOG][1642508914.9404757023] /home/daoist/dotfiles/zsh/antigen/bin/antigen.zsh:1647
[LOG][1642508914.9404757023] Processing deferred bundle: sudo DEFER
[WRN][1642508914.9406278133] /home/daoist/dotfiles/zsh/antigen/bin/antigen.zsh:1487
[WRN][1642508914.9406278133] Updated meta: target antigen-bundle mode repeat type pre called 11
[WRN][1642508914.9407334328] /home/daoist/dotfiles/zsh/antigen/bin/antigen.zsh:1487
[WRN][1642508914.9407334328] Updated meta: target antigen-bundle mode repeat type replace called 2
[WRN][1642508914.9408075809] /home/daoist/dotfiles/zsh/antigen/bin/antigen.zsh:1502
[WRN][1642508914.9408075809] Processing hooks: antigen-bundle-cached antigen-bundle-parallel
[WRN][1642508914.9408681393] /home/daoist/dotfiles/zsh/antigen/bin/antigen.zsh:1505
[WRN][1642508914.9408681393] Pre hook: antigen-bundle-cached sudo
[WRN][1642508914.9409754276] /home/daoist/dotfiles/zsh/antigen/bin/antigen.zsh:1516
[WRN][1642508914.9409754276] Replace hook: antigen-bundle-parallel sudo
[TRA][1642508914.9410407543] /home/daoist/.zshrc:1766
[TRA][1642508914.9410407543] antigen-bundle-parallel: sudo PARALLEL
[TRA][1642508914.9410407543] TRACE
antigen-bundle-parallel
-antigen-hook-handler
antigen-bundle
antigen-apply-defer
-antigen-hook-handler
antigen-apply
-antigen-hook-antigen
-antigen-hook-handler
antigen
/home/daoist/.zshrc
[WRN][1642508914.9411256313] /home/daoist/dotfiles/zsh/antigen/bin/antigen.zsh:1527
[WRN][1642508914.9411256313] Replaced hooked function.
[LOG][1642508914.9411971569] /home/daoist/dotfiles/zsh/antigen/bin/antigen.zsh:1536
[LOG][1642508914.9411971569] Return from hook antigen-bundle with 0
[LOG][1642508914.9412844181] /home/daoist/dotfiles/zsh/antigen/bin/antigen.zsh:1647
[LOG][1642508914.9412844181] Processing deferred bundle: extract DEFER
[WRN][1642508914.9414341450] /home/daoist/dotfiles/zsh/antigen/bin/antigen.zsh:1487
[WRN][1642508914.9414341450] Updated meta: target antigen-bundle mode repeat type pre called 12
[WRN][1642508914.9415378571] /home/daoist/dotfiles/zsh/antigen/bin/antigen.zsh:1487
[WRN][1642508914.9415378571] Updated meta: target antigen-bundle mode repeat type replace called 3
[WRN][1642508914.9416165352] /home/daoist/dotfiles/zsh/antigen/bin/antigen.zsh:1502
[WRN][1642508914.9416165352] Processing hooks: antigen-bundle-cached antigen-bundle-parallel
[WRN][1642508914.9416751862] /home/daoist/dotfiles/zsh/antigen/bin/antigen.zsh:1505
[WRN][1642508914.9416751862] Pre hook: antigen-bundle-cached extract
[WRN][1642508914.9417788982] /home/daoist/dotfiles/zsh/antigen/bin/antigen.zsh:1516
[WRN][1642508914.9417788982] Replace hook: antigen-bundle-parallel extract
[TRA][1642508914.9418418407] /home/daoist/.zshrc:1766
[TRA][1642508914.9418418407] antigen-bundle-parallel: extract PARALLEL
[TRA][1642508914.9418418407] TRACE
antigen-bundle-parallel
-antigen-hook-handler
antigen-bundle
antigen-apply-defer
-antigen-hook-handler
antigen-apply
-antigen-hook-antigen
-antigen-hook-handler
antigen
/home/daoist/.zshrc
[WRN][1642508914.9419257641] /home/daoist/dotfiles/zsh/antigen/bin/antigen.zsh:1527
[WRN][1642508914.9419257641] Replaced hooked function.
[LOG][1642508914.9419848919] /home/daoist/dotfiles/zsh/antigen/bin/antigen.zsh:1536
[LOG][1642508914.9419848919] Return from hook antigen-bundle with 0
[LOG][1642508914.9420676231] /home/daoist/dotfiles/zsh/antigen/bin/antigen.zsh:1647
[LOG][1642508914.9420676231] Processing deferred bundle: command-not-found DEFER
[WRN][1642508914.9422240257] /home/daoist/dotfiles/zsh/antigen/bin/antigen.zsh:1487
[WRN][1642508914.9422240257] Updated meta: target antigen-bundle mode repeat type pre called 13
[WRN][1642508914.9423284531] /home/daoist/dotfiles/zsh/antigen/bin/antigen.zsh:1487
[WRN][1642508914.9423284531] Updated meta: target antigen-bundle mode repeat type replace called 4
[WRN][1642508914.9424109459] /home/daoist/dotfiles/zsh/antigen/bin/antigen.zsh:1502
[WRN][1642508914.9424109459] Processing hooks: antigen-bundle-cached antigen-bundle-parallel
[WRN][1642508914.9424760342] /home/daoist/dotfiles/zsh/antigen/bin/antigen.zsh:1505
[WRN][1642508914.9424760342] Pre hook: antigen-bundle-cached command-not-found
[WRN][1642508914.9425816536] /home/daoist/dotfiles/zsh/antigen/bin/antigen.zsh:1516
[WRN][1642508914.9425816536] Replace hook: antigen-bundle-parallel command-not-found
[TRA][1642508914.9426455498] /home/daoist/.zshrc:1766
[TRA][1642508914.9426455498] antigen-bundle-parallel: command-not-found PARALLEL
[TRA][1642508914.9426455498] TRACE
antigen-bundle-parallel
-antigen-hook-handler
antigen-bundle
antigen-apply-defer
-antigen-hook-handler
antigen-apply
-antigen-hook-antigen
-antigen-hook-handler
antigen
/home/daoist/.zshrc
[WRN][1642508914.9427287579] /home/daoist/dotfiles/zsh/antigen/bin/antigen.zsh:1527
[WRN][1642508914.9427287579] Replaced hooked function.
[LOG][1642508914.9427881241] /home/daoist/dotfiles/zsh/antigen/bin/antigen.zsh:1536
[LOG][1642508914.9427881241] Return from hook antigen-bundle with 0
[LOG][1642508914.9428713322] /home/daoist/dotfiles/zsh/antigen/bin/antigen.zsh:1647
[LOG][1642508914.9428713322] Processing deferred bundle: zsh-users/zsh-completions DEFER
[WRN][1642508914.9430201054] /home/daoist/dotfiles/zsh/antigen/bin/antigen.zsh:1487
[WRN][1642508914.9430201054] Updated meta: target antigen-bundle mode repeat type pre called 14
[WRN][1642508914.9431207180] /home/daoist/dotfiles/zsh/antigen/bin/antigen.zsh:1487
[WRN][1642508914.9431207180] Updated meta: target antigen-bundle mode repeat type replace called 5
[WRN][1642508914.9431912899] /home/daoist/dotfiles/zsh/antigen/bin/antigen.zsh:1502
[WRN][1642508914.9431912899] Processing hooks: antigen-bundle-cached antigen-bundle-parallel
[WRN][1642508914.9432485104] /home/daoist/dotfiles/zsh/antigen/bin/antigen.zsh:1505
[WRN][1642508914.9432485104] Pre hook: antigen-bundle-cached zsh-users/zsh-completions
[WRN][1642508914.9433507919] /home/daoist/dotfiles/zsh/antigen/bin/antigen.zsh:1516
[WRN][1642508914.9433507919] Replace hook: antigen-bundle-parallel zsh-users/zsh-completions
[TRA][1642508914.9434149265] /home/daoist/.zshrc:1766
[TRA][1642508914.9434149265] antigen-bundle-parallel: zsh-users/zsh-completions PARALLEL
[TRA][1642508914.9434149265] TRACE
antigen-bundle-parallel
-antigen-hook-handler
antigen-bundle
antigen-apply-defer
-antigen-hook-handler
antigen-apply
-antigen-hook-antigen
-antigen-hook-handler
antigen
/home/daoist/.zshrc
[WRN][1642508914.9434995651] /home/daoist/dotfiles/zsh/antigen/bin/antigen.zsh:1527
[WRN][1642508914.9434995651] Replaced hooked function.
[LOG][1642508914.9435589314] /home/daoist/dotfiles/zsh/antigen/bin/antigen.zsh:1536
[LOG][1642508914.9435589314] Return from hook antigen-bundle with 0
[LOG][1642508914.9436416626] /home/daoist/dotfiles/zsh/antigen/bin/antigen.zsh:1647
[LOG][1642508914.9436416626] Processing deferred bundle: zsh-users/zsh-autosuggestions DEFER
[WRN][1642508914.9437899590] /home/daoist/dotfiles/zsh/antigen/bin/antigen.zsh:1487
[WRN][1642508914.9437899590] Updated meta: target antigen-bundle mode repeat type pre called 15
[WRN][1642508914.9438908100] /home/daoist/dotfiles/zsh/antigen/bin/antigen.zsh:1487
[WRN][1642508914.9438908100] Updated meta: target antigen-bundle mode repeat type replace called 6
[WRN][1642508914.9439611435] /home/daoist/dotfiles/zsh/antigen/bin/antigen.zsh:1502
[WRN][1642508914.9439611435] Processing hooks: antigen-bundle-cached antigen-bundle-parallel
[WRN][1642508914.9440252781] /home/daoist/dotfiles/zsh/antigen/bin/antigen.zsh:1505
[WRN][1642508914.9440252781] Pre hook: antigen-bundle-cached zsh-users/zsh-autosuggestions
[WRN][1642508914.9441337585] /home/daoist/dotfiles/zsh/antigen/bin/antigen.zsh:1516
[WRN][1642508914.9441337585] Replace hook: antigen-bundle-parallel zsh-users/zsh-autosuggestions
[TRA][1642508914.9441976547] /home/daoist/.zshrc:1766
[TRA][1642508914.9441976547] antigen-bundle-parallel: zsh-users/zsh-autosuggestions PARALLEL
[TRA][1642508914.9441976547] TRACE
antigen-bundle-parallel
-antigen-hook-handler
antigen-bundle
antigen-apply-defer
-antigen-hook-handler
antigen-apply
-antigen-hook-antigen
-antigen-hook-handler
antigen
/home/daoist/.zshrc
[WRN][1642508914.9442815781] /home/daoist/dotfiles/zsh/antigen/bin/antigen.zsh:1527
[WRN][1642508914.9442815781] Replaced hooked function.
[LOG][1642508914.9443409443] /home/daoist/dotfiles/zsh/antigen/bin/antigen.zsh:1536
[LOG][1642508914.9443409443] Return from hook antigen-bundle with 0
[LOG][1642508914.9444236755] /home/daoist/dotfiles/zsh/antigen/bin/antigen.zsh:1647
[LOG][1642508914.9444236755] Processing deferred bundle: zsh-users/zsh-syntax-highlighting DEFER
[WRN][1642508914.9445719719] /home/daoist/dotfiles/zsh/antigen/bin/antigen.zsh:1487
[WRN][1642508914.9445719719] Updated meta: target antigen-bundle mode repeat type pre called 16
[WRN][1642508914.9446735382] /home/daoist/dotfiles/zsh/antigen/bin/antigen.zsh:1487
[WRN][1642508914.9446735382] Updated meta: target antigen-bundle mode repeat type replace called 7
[WRN][1642508914.9447503090] /home/daoist/dotfiles/zsh/antigen/bin/antigen.zsh:1502
[WRN][1642508914.9447503090] Processing hooks: antigen-bundle-cached antigen-bundle-parallel
[WRN][1642508914.9448089600] /home/daoist/dotfiles/zsh/antigen/bin/antigen.zsh:1505
[WRN][1642508914.9448089600] Pre hook: antigen-bundle-cached zsh-users/zsh-syntax-highlighting
[WRN][1642508914.9449124336] /home/daoist/dotfiles/zsh/antigen/bin/antigen.zsh:1516
[WRN][1642508914.9449124336] Replace hook: antigen-bundle-parallel zsh-users/zsh-syntax-highlighting
[TRA][1642508914.9449763298] /home/daoist/.zshrc:1766
[TRA][1642508914.9449763298] antigen-bundle-parallel: zsh-users/zsh-syntax-highlighting PARALLEL
[TRA][1642508914.9449763298] TRACE
antigen-bundle-parallel
-antigen-hook-handler
antigen-bundle
antigen-apply-defer
-antigen-hook-handler
antigen-apply
-antigen-hook-antigen
-antigen-hook-handler
antigen
/home/daoist/.zshrc
[WRN][1642508914.9450597763] /home/daoist/dotfiles/zsh/antigen/bin/antigen.zsh:1527
[WRN][1642508914.9450597763] Replaced hooked function.
[LOG][1642508914.9451184273] /home/daoist/dotfiles/zsh/antigen/bin/antigen.zsh:1536
[LOG][1642508914.9451184273] Return from hook antigen-bundle with 0
[LOG][1642508914.9452006817] /home/daoist/dotfiles/zsh/antigen/bin/antigen.zsh:1647
[LOG][1642508914.9452006817] Processing deferred bundle: zsh-users/zsh-history-substring-search DEFER
[WRN][1642508914.9453480244] /home/daoist/dotfiles/zsh/antigen/bin/antigen.zsh:1487
[WRN][1642508914.9453480244] Updated meta: target antigen-bundle mode repeat type pre called 17
[WRN][1642508914.9454476833] /home/daoist/dotfiles/zsh/antigen/bin/antigen.zsh:1487
[WRN][1642508914.9454476833] Updated meta: target antigen-bundle mode repeat type replace called 8
[WRN][1642508914.9455170631] /home/daoist/dotfiles/zsh/antigen/bin/antigen.zsh:1502
[WRN][1642508914.9455170631] Processing hooks: antigen-bundle-cached antigen-bundle-parallel
[WRN][1642508914.9455735683] /home/daoist/dotfiles/zsh/antigen/bin/antigen.zsh:1505
[WRN][1642508914.9455735683] Pre hook: antigen-bundle-cached zsh-users/zsh-history-substring-search
[WRN][1642508914.9456760883] /home/daoist/dotfiles/zsh/antigen/bin/antigen.zsh:1516
[WRN][1642508914.9456760883] Replace hook: antigen-bundle-parallel zsh-users/zsh-history-substring-search
[TRA][1642508914.9457497597] /home/daoist/.zshrc:1766
[TRA][1642508914.9457497597] antigen-bundle-parallel: zsh-users/zsh-history-substring-search PARALLEL
[TRA][1642508914.9457497597] TRACE
antigen-bundle-parallel
-antigen-hook-handler
antigen-bundle
antigen-apply-defer
-antigen-hook-handler
antigen-apply
-antigen-hook-antigen
-antigen-hook-handler
antigen
/home/daoist/.zshrc
[WRN][1642508914.9458444118] /home/daoist/dotfiles/zsh/antigen/bin/antigen.zsh:1527
[WRN][1642508914.9458444118] Replaced hooked function.
[LOG][1642508914.9459052086] /home/daoist/dotfiles/zsh/antigen/bin/antigen.zsh:1536
[LOG][1642508914.9459052086] Return from hook antigen-bundle with 0
[LOG][1642508914.9459872246] /home/daoist/dotfiles/zsh/antigen/bin/antigen.zsh:1647
[LOG][1642508914.9459872246] Processing deferred bundle: skywind3000/z.lua DEFER
[WRN][1642508914.9461357594] /home/daoist/dotfiles/zsh/antigen/bin/antigen.zsh:1487
[WRN][1642508914.9461357594] Updated meta: target antigen-bundle mode repeat type pre called 18
[WRN][1642508914.9462354183] /home/daoist/dotfiles/zsh/antigen/bin/antigen.zsh:1487
[WRN][1642508914.9462354183] Updated meta: target antigen-bundle mode repeat type replace called 9
[WRN][1642508914.9463040829] /home/daoist/dotfiles/zsh/antigen/bin/antigen.zsh:1502
[WRN][1642508914.9463040829] Processing hooks: antigen-bundle-cached antigen-bundle-parallel
[WRN][1642508914.9463603497] /home/daoist/dotfiles/zsh/antigen/bin/antigen.zsh:1505
[WRN][1642508914.9463603497] Pre hook: antigen-bundle-cached skywind3000/z.lua
[WRN][1642508914.9464612007] /home/daoist/dotfiles/zsh/antigen/bin/antigen.zsh:1516
[WRN][1642508914.9464612007] Replace hook: antigen-bundle-parallel skywind3000/z.lua
[TRA][1642508914.9465236664] /home/daoist/.zshrc:1766
[TRA][1642508914.9465236664] antigen-bundle-parallel: skywind3000/z.lua PARALLEL
[TRA][1642508914.9465236664] TRACE
antigen-bundle-parallel
-antigen-hook-handler
antigen-bundle
antigen-apply-defer
-antigen-hook-handler
antigen-apply
-antigen-hook-antigen
-antigen-hook-handler
antigen
/home/daoist/.zshrc
[WRN][1642508914.9466061592] /home/daoist/dotfiles/zsh/antigen/bin/antigen.zsh:1527
[WRN][1642508914.9466061592] Replaced hooked function.
[LOG][1642508914.9466648102] /home/daoist/dotfiles/zsh/antigen/bin/antigen.zsh:1536
[LOG][1642508914.9466648102] Return from hook antigen-bundle with 0
[WRN][1642508914.9467797279] /home/daoist/dotfiles/zsh/antigen/bin/antigen.zsh:1516
[WRN][1642508914.9467797279] Replace hook: antigen-apply-parallel-execute
[WRN][1642508914.9468410015] /home/daoist/dotfiles/zsh/antigen/bin/antigen.zsh:1774
[WRN][1642508914.9468410015] Parallel replace-apply PARALLEL REPLACE-APPLY
[WRN][1642508914.9470024109] /home/daoist/dotfiles/zsh/antigen/bin/antigen.zsh:1713
[WRN][1642508914.9470024109] Parallel antigen-bundle-parallel-execute PARALLEL
[WRN][1642508914.9470703602] /home/daoist/dotfiles/zsh/antigen/bin/antigen.zsh:1717
[WRN][1642508914.9470703602] Gonna install in parallel 9 bundles. PARALLEL
[WRN][1642508914.9471263885] /home/daoist/dotfiles/zsh/antigen/bin/antigen.zsh:1719
[WRN][1642508914.9471263885] --loc=lib sudo extract command-not-found zsh-users/zsh-completions zsh-users/zsh-autosuggestions zsh-users/zsh-syntax-highlighting zsh-users/zsh-history-substring-search skywind3000/z.lua PARALLEL
[WRN][1642508914.9476151466] /home/daoist/dotfiles/zsh/antigen/bin/antigen.zsh:1733
[WRN][1642508914.9476151466] Bundle robbyrussell/oh-my-zsh already cloned locally. PARALLEL
[WRN][1642508914.9480459690] /home/daoist/dotfiles/zsh/antigen/bin/antigen.zsh:1733
[WRN][1642508914.9480459690] Bundle robbyrussell/oh-my-zsh already cloned locally. PARALLEL
[WRN][1642508914.9484519958] /home/daoist/dotfiles/zsh/antigen/bin/antigen.zsh:1733
[WRN][1642508914.9484519958] Bundle robbyrussell/oh-my-zsh already cloned locally. PARALLEL
[WRN][1642508914.9489748478] /home/daoist/dotfiles/zsh/antigen/bin/antigen.zsh:1733
[WRN][1642508914.9489748478] Bundle robbyrussell/oh-my-zsh already cloned locally. PARALLEL
[WRN][1642508914.9494245052] /home/daoist/dotfiles/zsh/antigen/bin/antigen.zsh:1733
[WRN][1642508914.9494245052] Bundle zsh-users/zsh-completions already cloned locally. PARALLEL
[WRN][1642508914.9498422146] /home/daoist/dotfiles/zsh/antigen/bin/antigen.zsh:1733
[WRN][1642508914.9498422146] Bundle zsh-users/zsh-autosuggestions already cloned locally. PARALLEL
[WRN][1642508914.9502592087] /home/daoist/dotfiles/zsh/antigen/bin/antigen.zsh:1733
[WRN][1642508914.9502592087] Bundle zsh-users/zsh-syntax-highlighting already cloned locally. PARALLEL
[WRN][1642508914.9506778717] /home/daoist/dotfiles/zsh/antigen/bin/antigen.zsh:1733
[WRN][1642508914.9506778717] Bundle zsh-users/zsh-history-substring-search already cloned locally. PARALLEL
[WRN][1642508914.9510734081] /home/daoist/dotfiles/zsh/antigen/bin/antigen.zsh:1733
[WRN][1642508914.9510734081] Bundle skywind3000/z.lua already cloned locally. PARALLEL
[WRN][1642508914.9512991905] /home/daoist/dotfiles/zsh/antigen/bin/antigen.zsh:1487
[WRN][1642508914.9512991905] Updated meta: target antigen-bundle mode repeat type pre called 19
[WRN][1642508914.9513800144] /home/daoist/dotfiles/zsh/antigen/bin/antigen.zsh:1502
[WRN][1642508914.9513800144] Processing hooks: antigen-bundle-cached
[WRN][1642508914.9514420033] /home/daoist/dotfiles/zsh/antigen/bin/antigen.zsh:1505
[WRN][1642508914.9514420033] Pre hook: antigen-bundle-cached --loc=lib
[WRN][1642508914.9515438080] /home/daoist/dotfiles/zsh/antigen/bin/antigen.zsh:1523
[WRN][1642508914.9515438080] -antigen-hook-antigen-bundle --loc=lib
[TRA][1642508914.9516110420] /home/daoist/dotfiles/zsh/antigen/bin/antigen.zsh:1456
[TRA][1642508914.9516110420] Called antigen-bundle with --loc=lib BUNDLE
[TRA][1642508914.9516110420] TRACE
-antigen-hook-antigen-bundle
-antigen-hook-handler
antigen-bundle
antigen-bundle-parallel-execute
antigen-apply-parallel-execute
-antigen-hook-handler
antigen-apply
-antigen-hook-antigen
-antigen-hook-handler
antigen
/home/daoist/.zshrc
[WRN][1642508914.9524502754] /home/daoist/dotfiles/zsh/antigen/bin/antigen.zsh:1487
[WRN][1642508914.9524502754] Updated meta: target -antigen-load-env mode repeat type replace called 1
[WRN][1642508914.9525458813] /home/daoist/dotfiles/zsh/antigen/bin/antigen.zsh:1502
[WRN][1642508914.9525458813] Processing hooks: -antigen-load-env-cached
[WRN][1642508914.9526417255] /home/daoist/dotfiles/zsh/antigen/bin/antigen.zsh:1516
[WRN][1642508914.9526417255] Replace hook: -antigen-load-env-cached dir /home/daoist/dotfiles/zsh/.antigen/bundles/robbyrussell/oh-my-zsh btype plugin url https://github.com/robbyrussell/oh-my-zsh.git loc lib name robbyrussell/oh-my-zsh make_local_clone true
[WRN][1642508914.9527847767] /home/daoist/dotfiles/zsh/antigen/bin/antigen.zsh:1527
[WRN][1642508914.9527847767] Replaced hooked function.
[LOG][1642508914.9528520107] /home/daoist/dotfiles/zsh/antigen/bin/antigen.zsh:1536
[LOG][1642508914.9528520107] Return from hook -antigen-load-env with 0
[WRN][1642508914.9531166553] /home/daoist/dotfiles/zsh/antigen/bin/antigen.zsh:1487
[WRN][1642508914.9531166553] Updated meta: target -antigen-load-source mode repeat type replace called 1
[WRN][1642508914.9531958103] /home/daoist/dotfiles/zsh/antigen/bin/antigen.zsh:1502
[WRN][1642508914.9531958103] Processing hooks: -antigen-load-source-cached
[WRN][1642508914.9533023834] /home/daoist/dotfiles/zsh/antigen/bin/antigen.zsh:1516
[WRN][1642508914.9533023834] Replace hook: -antigen-load-source-cached /home/daoist/dotfiles/zsh/.antigen/bundles/robbyrussell/oh-my-zsh/lib/bzr.zsh /home/daoist/dotfiles/zsh/.antigen/bundles/robbyrussell/oh-my-zsh/lib/clipboard.zsh /home/daoist/dotfiles/zsh/.antigen/bundles/robbyrussell/oh-my-zsh/lib/cli.zsh /home/daoist/dotfiles/zsh/.antigen/bundles/robbyrussell/oh-my-zsh/lib/compfix.zsh /home/daoist/dotfiles/zsh/.antigen/bundles/robbyrussell/oh-my-zsh/lib/completion.zsh /home/daoist/dotfiles/zsh/.antigen/bundles/robbyrussell/oh-my-zsh/lib/correction.zsh /home/daoist/dotfiles/zsh/.antigen/bundles/robbyrussell/oh-my-zsh/lib/diagnostics.zsh /home/daoist/dotfiles/zsh/.antigen/bundles/robbyrussell/oh-my-zsh/lib/directories.zsh /home/daoist/dotfiles/zsh/.antigen/bundles/robbyrussell/oh-my-zsh/lib/functions.zsh /home/daoist/dotfiles/zsh/.antigen/bundles/robbyrussell/oh-my-zsh/lib/git.zsh /home/daoist/dotfiles/zsh/.antigen/bundles/robbyrussell/oh-my-zsh/lib/grep.zsh /home/daoist/dotfiles/zsh/.antigen/bundles/robbyrussell/oh-my-zsh/lib/history.zsh /home/daoist/dotfiles/zsh/.antigen/bundles/robbyrussell/oh-my-zsh/lib/key-bindings.zsh /home/daoist/dotfiles/zsh/.antigen/bundles/robbyrussell/oh-my-zsh/lib/misc.zsh /home/daoist/dotfiles/zsh/.antigen/bundles/robbyrussell/oh-my-zsh/lib/nvm.zsh /home/daoist/dotfiles/zsh/.antigen/bundles/robbyrussell/oh-my-zsh/lib/prompt_info_functions.zsh /home/daoist/dotfiles/zsh/.antigen/bundles/robbyrussell/oh-my-zsh/lib/spectrum.zsh /home/daoist/dotfiles/zsh/.antigen/bundles/robbyrussell/oh-my-zsh/lib/termsupport.zsh /home/daoist/dotfiles/zsh/.antigen/bundles/robbyrussell/oh-my-zsh/lib/theme-and-appearance.zsh
[WRN][1642508914.9534800053] /home/daoist/dotfiles/zsh/antigen/bin/antigen.zsh:1527
[WRN][1642508914.9534800053] Replaced hooked function.
[LOG][1642508914.9535458088] /home/daoist/dotfiles/zsh/antigen/bin/antigen.zsh:1536
[LOG][1642508914.9535458088] Return from hook -antigen-load-source with 0
[LOG][1642508914.9536745548] /home/daoist/dotfiles/zsh/antigen/bin/antigen.zsh:1536
[LOG][1642508914.9536745548] Return from hook antigen-bundle with 0
[WRN][1642508914.9538569450] /home/daoist/dotfiles/zsh/antigen/bin/antigen.zsh:1487
[WRN][1642508914.9538569450] Updated meta: target antigen-bundle mode repeat type pre called 20
[WRN][1642508914.9539301395] /home/daoist/dotfiles/zsh/antigen/bin/antigen.zsh:1502
[WRN][1642508914.9539301395] Processing hooks: antigen-bundle-cached
[WRN][1642508914.9539883137] /home/daoist/dotfiles/zsh/antigen/bin/antigen.zsh:1505
[WRN][1642508914.9539883137] Pre hook: antigen-bundle-cached sudo
[WRN][1642508914.9540846348] /home/daoist/dotfiles/zsh/antigen/bin/antigen.zsh:1523
[WRN][1642508914.9540846348] -antigen-hook-antigen-bundle sudo
[TRA][1642508914.9541506767] /home/daoist/dotfiles/zsh/antigen/bin/antigen.zsh:1456
[TRA][1642508914.9541506767] Called antigen-bundle with sudo BUNDLE
[TRA][1642508914.9541506767] TRACE
-antigen-hook-antigen-bundle
-antigen-hook-handler
antigen-bundle
antigen-bundle-parallel-execute
antigen-apply-parallel-execute
-antigen-hook-handler
antigen-apply
-antigen-hook-antigen
-antigen-hook-handler
antigen
/home/daoist/.zshrc
[WRN][1642508914.9548270702] /home/daoist/dotfiles/zsh/antigen/bin/antigen.zsh:1487
[WRN][1642508914.9548270702] Updated meta: target -antigen-load-env mode repeat type replace called 2
[WRN][1642508914.9549167156] /home/daoist/dotfiles/zsh/antigen/bin/antigen.zsh:1502
[WRN][1642508914.9549167156] Processing hooks: -antigen-load-env-cached
[WRN][1642508914.9550125599] /home/daoist/dotfiles/zsh/antigen/bin/antigen.zsh:1516
[WRN][1642508914.9550125599] Replace hook: -antigen-load-env-cached dir /home/daoist/dotfiles/zsh/.antigen/bundles/robbyrussell/oh-my-zsh btype plugin url https://github.com/robbyrussell/oh-my-zsh.git loc plugins/sudo name robbyrussell/oh-my-zsh make_local_clone true
[WRN][1642508914.9551541805] /home/daoist/dotfiles/zsh/antigen/bin/antigen.zsh:1527
[WRN][1642508914.9551541805] Replaced hooked function.
[LOG][1642508914.9552216530] /home/daoist/dotfiles/zsh/antigen/bin/antigen.zsh:1536
[LOG][1642508914.9552216530] Return from hook -antigen-load-env with 0
[WRN][1642508914.9554150105] /home/daoist/dotfiles/zsh/antigen/bin/antigen.zsh:1487
[WRN][1642508914.9554150105] Updated meta: target -antigen-load-source mode repeat type replace called 2
[WRN][1642508914.9554939270] /home/daoist/dotfiles/zsh/antigen/bin/antigen.zsh:1502
[WRN][1642508914.9554939270] Processing hooks: -antigen-load-source-cached
[WRN][1642508914.9555740356] /home/daoist/dotfiles/zsh/antigen/bin/antigen.zsh:1516
[WRN][1642508914.9555740356] Replace hook: -antigen-load-source-cached /home/daoist/dotfiles/zsh/.antigen/bundles/robbyrussell/oh-my-zsh/plugins/sudo/sudo.plugin.zsh
[WRN][1642508914.9556660652] /home/daoist/dotfiles/zsh/antigen/bin/antigen.zsh:1527
[WRN][1642508914.9556660652] Replaced hooked function.
[LOG][1642508914.9557423592] /home/daoist/dotfiles/zsh/antigen/bin/antigen.zsh:1536
[LOG][1642508914.9557423592] Return from hook -antigen-load-source with 0
[LOG][1642508914.9559006691] /home/daoist/dotfiles/zsh/antigen/bin/antigen.zsh:1536
[LOG][1642508914.9559006691] Return from hook antigen-bundle with 0
[WRN][1642508914.9560894966] /home/daoist/dotfiles/zsh/antigen/bin/antigen.zsh:1487
[WRN][1642508914.9560894966] Updated meta: target antigen-bundle mode repeat type pre called 21
[WRN][1642508914.9561641216] /home/daoist/dotfiles/zsh/antigen/bin/antigen.zsh:1502
[WRN][1642508914.9561641216] Processing hooks: antigen-bundle-cached
[WRN][1642508914.9562237263] /home/daoist/dotfiles/zsh/antigen/bin/antigen.zsh:1505
[WRN][1642508914.9562237263] Pre hook: antigen-bundle-cached extract
[WRN][1642508914.9563221931] /home/daoist/dotfiles/zsh/antigen/bin/antigen.zsh:1523
[WRN][1642508914.9563221931] -antigen-hook-antigen-bundle extract
[TRA][1642508914.9563870430] /home/daoist/dotfiles/zsh/antigen/bin/antigen.zsh:1456
[TRA][1642508914.9563870430] Called antigen-bundle with extract BUNDLE
[TRA][1642508914.9563870430] TRACE
-antigen-hook-antigen-bundle
-antigen-hook-handler
antigen-bundle
antigen-bundle-parallel-execute
antigen-apply-parallel-execute
-antigen-hook-handler
antigen-apply
-antigen-hook-antigen
-antigen-hook-handler
antigen
/home/daoist/.zshrc
[WRN][1642508914.9570617676] /home/daoist/dotfiles/zsh/antigen/bin/antigen.zsh:1487
[WRN][1642508914.9570617676] Updated meta: target -antigen-load-env mode repeat type replace called 3
[WRN][1642508914.9571523666] /home/daoist/dotfiles/zsh/antigen/bin/antigen.zsh:1502
[WRN][1642508914.9571523666] Processing hooks: -antigen-load-env-cached
[WRN][1642508914.9572508335] /home/daoist/dotfiles/zsh/antigen/bin/antigen.zsh:1516
[WRN][1642508914.9572508335] Replace hook: -antigen-load-env-cached dir /home/daoist/dotfiles/zsh/.antigen/bundles/robbyrussell/oh-my-zsh btype plugin url https://github.com/robbyrussell/oh-my-zsh.git loc plugins/extract name robbyrussell/oh-my-zsh make_local_clone true
[WRN][1642508914.9573957920] /home/daoist/dotfiles/zsh/antigen/bin/antigen.zsh:1527
[WRN][1642508914.9573957920] Replaced hooked function.
[LOG][1642508914.9574654102] /home/daoist/dotfiles/zsh/antigen/bin/antigen.zsh:1536
[LOG][1642508914.9574654102] Return from hook -antigen-load-env with 0
[WRN][1642508914.9576630592] /home/daoist/dotfiles/zsh/antigen/bin/antigen.zsh:1487
[WRN][1642508914.9576630592] Updated meta: target -antigen-load-source mode repeat type replace called 3
[WRN][1642508914.9577527046] /home/daoist/dotfiles/zsh/antigen/bin/antigen.zsh:1502
[WRN][1642508914.9577527046] Processing hooks: -antigen-load-source-cached
[WRN][1642508914.9578371048] /home/daoist/dotfiles/zsh/antigen/bin/antigen.zsh:1516
[WRN][1642508914.9578371048] Replace hook: -antigen-load-source-cached /home/daoist/dotfiles/zsh/.antigen/bundles/robbyrussell/oh-my-zsh/plugins/extract/extract.plugin.zsh
[WRN][1642508914.9579298496] /home/daoist/dotfiles/zsh/antigen/bin/antigen.zsh:1527
[WRN][1642508914.9579298496] Replaced hooked function.
[LOG][1642508914.9579937458] /home/daoist/dotfiles/zsh/antigen/bin/antigen.zsh:1536
[LOG][1642508914.9579937458] Return from hook -antigen-load-source with 0
[LOG][1642508914.9581224918] /home/daoist/dotfiles/zsh/antigen/bin/antigen.zsh:1536
[LOG][1642508914.9581224918] Return from hook antigen-bundle with 0
[WRN][1642508914.9583024979] /home/daoist/dotfiles/zsh/antigen/bin/antigen.zsh:1487
[WRN][1642508914.9583024979] Updated meta: target antigen-bundle mode repeat type pre called 22
[WRN][1642508914.9583749771] /home/daoist/dotfiles/zsh/antigen/bin/antigen.zsh:1502
[WRN][1642508914.9583749771] Processing hooks: antigen-bundle-cached
[WRN][1642508914.9584326744] /home/daoist/dotfiles/zsh/antigen/bin/antigen.zsh:1505
[WRN][1642508914.9584326744] Pre hook: antigen-bundle-cached command-not-found
[WRN][1642508914.9585294724] /home/daoist/dotfiles/zsh/antigen/bin/antigen.zsh:1523
[WRN][1642508914.9585294724] -antigen-hook-antigen-bundle command-not-found
[TRA][1642508914.9585926533] /home/daoist/dotfiles/zsh/antigen/bin/antigen.zsh:1456
[TRA][1642508914.9585926533] Called antigen-bundle with command-not-found BUNDLE
[TRA][1642508914.9585926533] TRACE
-antigen-hook-antigen-bundle
-antigen-hook-handler
antigen-bundle
antigen-bundle-parallel-execute
antigen-apply-parallel-execute
-antigen-hook-handler
antigen-apply
-antigen-hook-antigen
-antigen-hook-handler
antigen
/home/daoist/.zshrc
[WRN][1642508914.9592773914] /home/daoist/dotfiles/zsh/antigen/bin/antigen.zsh:1487
[WRN][1642508914.9592773914] Updated meta: target -antigen-load-env mode repeat type replace called 4
[WRN][1642508914.9593713284] /home/daoist/dotfiles/zsh/antigen/bin/antigen.zsh:1502
[WRN][1642508914.9593713284] Processing hooks: -antigen-load-env-cached
[WRN][1642508914.9594669342] /home/daoist/dotfiles/zsh/antigen/bin/antigen.zsh:1516
[WRN][1642508914.9594669342] Replace hook: -antigen-load-env-cached dir /home/daoist/dotfiles/zsh/.antigen/bundles/robbyrussell/oh-my-zsh btype plugin url https://github.com/robbyrussell/oh-my-zsh.git loc plugins/command-not-found name robbyrussell/oh-my-zsh make_local_clone true
[WRN][1642508914.9596087933] /home/daoist/dotfiles/zsh/antigen/bin/antigen.zsh:1527
[WRN][1642508914.9596087933] Replaced hooked function.
[LOG][1642508914.9596757889] /home/daoist/dotfiles/zsh/antigen/bin/antigen.zsh:1536
[LOG][1642508914.9596757889] Return from hook -antigen-load-env with 0
[WRN][1642508914.9598689079] /home/daoist/dotfiles/zsh/antigen/bin/antigen.zsh:1487
[WRN][1642508914.9598689079] Updated meta: target -antigen-load-source mode repeat type replace called 4
[WRN][1642508914.9599459171] /home/daoist/dotfiles/zsh/antigen/bin/antigen.zsh:1502
[WRN][1642508914.9599459171] Processing hooks: -antigen-load-source-cached
[WRN][1642508914.9600257874] /home/daoist/dotfiles/zsh/antigen/bin/antigen.zsh:1516
[WRN][1642508914.9600257874] Replace hook: -antigen-load-source-cached /home/daoist/dotfiles/zsh/.antigen/bundles/robbyrussell/oh-my-zsh/plugins/command-not-found/command-not-found.plugin.zsh
[WRN][1642508914.9601187706] /home/daoist/dotfiles/zsh/antigen/bin/antigen.zsh:1527
[WRN][1642508914.9601187706] Replaced hooked function.
[LOG][1642508914.9601826668] /home/daoist/dotfiles/zsh/antigen/bin/antigen.zsh:1536
[LOG][1642508914.9601826668] Return from hook -antigen-load-source with 0
[LOG][1642508914.9603092670] /home/daoist/dotfiles/zsh/antigen/bin/antigen.zsh:1536
[LOG][1642508914.9603092670] Return from hook antigen-bundle with 0
[WRN][1642508914.9604911804] /home/daoist/dotfiles/zsh/antigen/bin/antigen.zsh:1487
[WRN][1642508914.9604911804] Updated meta: target antigen-bundle mode repeat type pre called 23
[WRN][1642508914.9605646133] /home/daoist/dotfiles/zsh/antigen/bin/antigen.zsh:1502
[WRN][1642508914.9605646133] Processing hooks: antigen-bundle-cached
[WRN][1642508914.9606225491] /home/daoist/dotfiles/zsh/antigen/bin/antigen.zsh:1505
[WRN][1642508914.9606225491] Pre hook: antigen-bundle-cached zsh-users/zsh-completions
[WRN][1642508914.9607200623] /home/daoist/dotfiles/zsh/antigen/bin/antigen.zsh:1523
[WRN][1642508914.9607200623] -antigen-hook-antigen-bundle zsh-users/zsh-completions
[TRA][1642508914.9607839584] /home/daoist/dotfiles/zsh/antigen/bin/antigen.zsh:1456
[TRA][1642508914.9607839584] Called antigen-bundle with zsh-users/zsh-completions BUNDLE
[TRA][1642508914.9607839584] TRACE
-antigen-hook-antigen-bundle
-antigen-hook-handler
antigen-bundle
antigen-bundle-parallel-execute
antigen-apply-parallel-execute
-antigen-hook-handler
antigen-apply
-antigen-hook-antigen
-antigen-hook-handler
antigen
/home/daoist/.zshrc
[WRN][1642508914.9614663124] /home/daoist/dotfiles/zsh/antigen/bin/antigen.zsh:1487
[WRN][1642508914.9614663124] Updated meta: target -antigen-load-env mode repeat type replace called 5
[WRN][1642508914.9615557194] /home/daoist/dotfiles/zsh/antigen/bin/antigen.zsh:1502
[WRN][1642508914.9615557194] Processing hooks: -antigen-load-env-cached
[WRN][1642508914.9616494179] /home/daoist/dotfiles/zsh/antigen/bin/antigen.zsh:1516
[WRN][1642508914.9616494179] Replace hook: -antigen-load-env-cached dir /home/daoist/dotfiles/zsh/.antigen/bundles/zsh-users/zsh-completions btype plugin url https://github.com/zsh-users/zsh-completions.git loc / name zsh-users/zsh-completions make_local_clone true
[WRN][1642508914.9617941380] /home/daoist/dotfiles/zsh/antigen/bin/antigen.zsh:1527
[WRN][1642508914.9617941380] Replaced hooked function.
[LOG][1642508914.9618654251] /home/daoist/dotfiles/zsh/antigen/bin/antigen.zsh:1536
[LOG][1642508914.9618654251] Return from hook -antigen-load-env with 0
[WRN][1642508914.9620561600] /home/daoist/dotfiles/zsh/antigen/bin/antigen.zsh:1487
[WRN][1642508914.9620561600] Updated meta: target -antigen-load-source mode repeat type replace called 5
[WRN][1642508914.9621338844] /home/daoist/dotfiles/zsh/antigen/bin/antigen.zsh:1502
[WRN][1642508914.9621338844] Processing hooks: -antigen-load-source-cached
[WRN][1642508914.9622137547] /home/daoist/dotfiles/zsh/antigen/bin/antigen.zsh:1516
[WRN][1642508914.9622137547] Replace hook: -antigen-load-source-cached /home/daoist/dotfiles/zsh/.antigen/bundles/zsh-users/zsh-completions///zsh-completions.plugin.zsh
[WRN][1642508914.9623041153] /home/daoist/dotfiles/zsh/antigen/bin/antigen.zsh:1527
[WRN][1642508914.9623041153] Replaced hooked function.
[LOG][1642508914.9623672962] /home/daoist/dotfiles/zsh/antigen/bin/antigen.zsh:1536
[LOG][1642508914.9623672962] Return from hook -antigen-load-source with 0
[LOG][1642508914.9625597000] /home/daoist/dotfiles/zsh/antigen/bin/antigen.zsh:1536
[LOG][1642508914.9625597000] Return from hook antigen-bundle with 0
[WRN][1642508914.9627444744] /home/daoist/dotfiles/zsh/antigen/bin/antigen.zsh:1487
[WRN][1642508914.9627444744] Updated meta: target antigen-bundle mode repeat type pre called 24
[WRN][1642508914.9628174305] /home/daoist/dotfiles/zsh/antigen/bin/antigen.zsh:1502
[WRN][1642508914.9628174305] Processing hooks: antigen-bundle-cached
[WRN][1642508914.9628756046] /home/daoist/dotfiles/zsh/antigen/bin/antigen.zsh:1505
[WRN][1642508914.9628756046] Pre hook: antigen-bundle-cached zsh-users/zsh-autosuggestions
[WRN][1642508914.9629733562] /home/daoist/dotfiles/zsh/antigen/bin/antigen.zsh:1523
[WRN][1642508914.9629733562] -antigen-hook-antigen-bundle zsh-users/zsh-autosuggestions
[TRA][1642508914.9630367756] /home/daoist/dotfiles/zsh/antigen/bin/antigen.zsh:1456
[TRA][1642508914.9630367756] Called antigen-bundle with zsh-users/zsh-autosuggestions BUNDLE
[TRA][1642508914.9630367756] TRACE
-antigen-hook-antigen-bundle
-antigen-hook-handler
antigen-bundle
antigen-bundle-parallel-execute
antigen-apply-parallel-execute
-antigen-hook-handler
antigen-apply
-antigen-hook-antigen
-antigen-hook-handler
antigen
/home/daoist/.zshrc
[WRN][1642508914.9637241364] /home/daoist/dotfiles/zsh/antigen/bin/antigen.zsh:1487
[WRN][1642508914.9637241364] Updated meta: target -antigen-load-env mode repeat type replace called 6
[WRN][1642508914.9638118744] /home/daoist/dotfiles/zsh/antigen/bin/antigen.zsh:1502
[WRN][1642508914.9638118744] Processing hooks: -antigen-load-env-cached
[WRN][1642508914.9639062881] /home/daoist/dotfiles/zsh/antigen/bin/antigen.zsh:1516
[WRN][1642508914.9639062881] Replace hook: -antigen-load-env-cached dir /home/daoist/dotfiles/zsh/.antigen/bundles/zsh-users/zsh-autosuggestions btype plugin url https://github.com/zsh-users/zsh-autosuggestions.git loc / name zsh-users/zsh-autosuggestions make_local_clone true
[WRN][1642508914.9640502930] /home/daoist/dotfiles/zsh/antigen/bin/antigen.zsh:1527
[WRN][1642508914.9640502930] Replaced hooked function.
[LOG][1642508914.9641170502] /home/daoist/dotfiles/zsh/antigen/bin/antigen.zsh:1536
[LOG][1642508914.9641170502] Return from hook -antigen-load-env with 0
[WRN][1642508914.9643266201] /home/daoist/dotfiles/zsh/antigen/bin/antigen.zsh:1487
[WRN][1642508914.9643266201] Updated meta: target -antigen-load-source mode repeat type replace called 6
[WRN][1642508914.9644076824] /home/daoist/dotfiles/zsh/antigen/bin/antigen.zsh:1502
[WRN][1642508914.9644076824] Processing hooks: -antigen-load-source-cached
[WRN][1642508914.9644882679] /home/daoist/dotfiles/zsh/antigen/bin/antigen.zsh:1516
[WRN][1642508914.9644882679] Replace hook: -antigen-load-source-cached /home/daoist/dotfiles/zsh/.antigen/bundles/zsh-users/zsh-autosuggestions///zsh-autosuggestions.plugin.zsh
[WRN][1642508914.9645788670] /home/daoist/dotfiles/zsh/antigen/bin/antigen.zsh:1527
[WRN][1642508914.9645788670] Replaced hooked function.
[LOG][1642508914.9646470547] /home/daoist/dotfiles/zsh/antigen/bin/antigen.zsh:1536
[LOG][1642508914.9646470547] Return from hook -antigen-load-source with 0
[LOG][1642508914.9647741318] /home/daoist/dotfiles/zsh/antigen/bin/antigen.zsh:1536
[LOG][1642508914.9647741318] Return from hook antigen-bundle with 0
[WRN][1642508914.9649536610] /home/daoist/dotfiles/zsh/antigen/bin/antigen.zsh:1487
[WRN][1642508914.9649536610] Updated meta: target antigen-bundle mode repeat type pre called 25
[WRN][1642508914.9650254250] /home/daoist/dotfiles/zsh/antigen/bin/antigen.zsh:1502
[WRN][1642508914.9650254250] Processing hooks: antigen-bundle-cached
[WRN][1642508914.9650840759] /home/daoist/dotfiles/zsh/antigen/bin/antigen.zsh:1505
[WRN][1642508914.9650840759] Pre hook: antigen-bundle-cached zsh-users/zsh-syntax-highlighting
[WRN][1642508914.9651818275] /home/daoist/dotfiles/zsh/antigen/bin/antigen.zsh:1523
[WRN][1642508914.9651818275] -antigen-hook-antigen-bundle zsh-users/zsh-syntax-highlighting
[TRA][1642508914.9652445316] /home/daoist/dotfiles/zsh/antigen/bin/antigen.zsh:1456
[TRA][1642508914.9652445316] Called antigen-bundle with zsh-users/zsh-syntax-highlighting BUNDLE
[TRA][1642508914.9652445316] TRACE
-antigen-hook-antigen-bundle
-antigen-hook-handler
antigen-bundle
antigen-bundle-parallel-execute
antigen-apply-parallel-execute
-antigen-hook-handler
antigen-apply
-antigen-hook-antigen
-antigen-hook-handler
antigen
/home/daoist/.zshrc
[WRN][1642508914.9659614563] /home/daoist/dotfiles/zsh/antigen/bin/antigen.zsh:1487
[WRN][1642508914.9659614563] Updated meta: target -antigen-load-env mode repeat type replace called 7
[WRN][1642508914.9660539627] /home/daoist/dotfiles/zsh/antigen/bin/antigen.zsh:1502
[WRN][1642508914.9660539627] Processing hooks: -antigen-load-env-cached
[WRN][1642508914.9661498070] /home/daoist/dotfiles/zsh/antigen/bin/antigen.zsh:1516
[WRN][1642508914.9661498070] Replace hook: -antigen-load-env-cached dir /home/daoist/dotfiles/zsh/.antigen/bundles/zsh-users/zsh-syntax-highlighting btype plugin url https://github.com/zsh-users/zsh-syntax-highlighting.git loc / name zsh-users/zsh-syntax-highlighting make_local_clone true
[WRN][1642508914.9662964344] /home/daoist/dotfiles/zsh/antigen/bin/antigen.zsh:1527
[WRN][1642508914.9662964344] Replaced hooked function.
[LOG][1642508914.9663631916] /home/daoist/dotfiles/zsh/antigen/bin/antigen.zsh:1536
[LOG][1642508914.9663631916] Return from hook -antigen-load-env with 0
[WRN][1642508914.9665582180] /home/daoist/dotfiles/zsh/antigen/bin/antigen.zsh:1487
[WRN][1642508914.9665582180] Updated meta: target -antigen-load-source mode repeat type replace called 7
[WRN][1642508914.9666357040] /home/daoist/dotfiles/zsh/antigen/bin/antigen.zsh:1502
[WRN][1642508914.9666357040] Processing hooks: -antigen-load-source-cached
[WRN][1642508914.9667150974] /home/daoist/dotfiles/zsh/antigen/bin/antigen.zsh:1516
[WRN][1642508914.9667150974] Replace hook: -antigen-load-source-cached /home/daoist/dotfiles/zsh/.antigen/bundles/zsh-users/zsh-syntax-highlighting///zsh-syntax-highlighting.plugin.zsh
[WRN][1642508914.9668054581] /home/daoist/dotfiles/zsh/antigen/bin/antigen.zsh:1527
[WRN][1642508914.9668054581] Replaced hooked function.
[LOG][1642508914.9668686390] /home/daoist/dotfiles/zsh/antigen/bin/antigen.zsh:1536
[LOG][1642508914.9668686390] Return from hook -antigen-load-source with 0
[LOG][1642508914.9669942856] /home/daoist/dotfiles/zsh/antigen/bin/antigen.zsh:1536
[LOG][1642508914.9669942856] Return from hook antigen-bundle with 0
[WRN][1642508914.9671752453] /home/daoist/dotfiles/zsh/antigen/bin/antigen.zsh:1487
[WRN][1642508914.9671752453] Updated meta: target antigen-bundle mode repeat type pre called 26
[WRN][1642508914.9672486782] /home/daoist/dotfiles/zsh/antigen/bin/antigen.zsh:1502
[WRN][1642508914.9672486782] Processing hooks: antigen-bundle-cached
[WRN][1642508914.9673073292] /home/daoist/dotfiles/zsh/antigen/bin/antigen.zsh:1505
[WRN][1642508914.9673073292] Pre hook: antigen-bundle-cached zsh-users/zsh-history-substring-search
[WRN][1642508914.9674105644] /home/daoist/dotfiles/zsh/antigen/bin/antigen.zsh:1523
[WRN][1642508914.9674105644] -antigen-hook-antigen-bundle zsh-users/zsh-history-substring-search
[TRA][1642508914.9674746990] /home/daoist/dotfiles/zsh/antigen/bin/antigen.zsh:1456
[TRA][1642508914.9674746990] Called antigen-bundle with zsh-users/zsh-history-substring-search BUNDLE
[TRA][1642508914.9674746990] TRACE
-antigen-hook-antigen-bundle
-antigen-hook-handler
antigen-bundle
antigen-bundle-parallel-execute
antigen-apply-parallel-execute
-antigen-hook-handler
antigen-apply
-antigen-hook-antigen
-antigen-hook-handler
antigen
/home/daoist/.zshrc
[WRN][1642508914.9681601524] /home/daoist/dotfiles/zsh/antigen/bin/antigen.zsh:1487
[WRN][1642508914.9681601524] Updated meta: target -antigen-load-env mode repeat type replace called 8
[WRN][1642508914.9682488441] /home/daoist/dotfiles/zsh/antigen/bin/antigen.zsh:1502
[WRN][1642508914.9682488441] Processing hooks: -antigen-load-env-cached
[WRN][1642508914.9683434963] /home/daoist/dotfiles/zsh/antigen/bin/antigen.zsh:1516
[WRN][1642508914.9683434963] Replace hook: -antigen-load-env-cached dir /home/daoist/dotfiles/zsh/.antigen/bundles/zsh-users/zsh-history-substring-search btype plugin url https://github.com/zsh-users/zsh-history-substring-search.git loc / name zsh-users/zsh-history-substring-search make_local_clone true
[WRN][1642508914.9684906006] /home/daoist/dotfiles/zsh/antigen/bin/antigen.zsh:1527
[WRN][1642508914.9684906006] Replaced hooked function.
[LOG][1642508914.9685578346] /home/daoist/dotfiles/zsh/antigen/bin/antigen.zsh:1536
[LOG][1642508914.9685578346] Return from hook -antigen-load-env with 0
[WRN][1642508914.9687519073] /home/daoist/dotfiles/zsh/antigen/bin/antigen.zsh:1487
[WRN][1642508914.9687519073] Updated meta: target -antigen-load-source mode repeat type replace called 8
[WRN][1642508914.9688301086] /home/daoist/dotfiles/zsh/antigen/bin/antigen.zsh:1502
[WRN][1642508914.9688301086] Processing hooks: -antigen-load-source-cached
[WRN][1642508914.9689097404] /home/daoist/dotfiles/zsh/antigen/bin/antigen.zsh:1516
[WRN][1642508914.9689097404] Replace hook: -antigen-load-source-cached /home/daoist/dotfiles/zsh/.antigen/bundles/zsh-users/zsh-history-substring-search///zsh-history-substring-search.plugin.zsh
[WRN][1642508914.9690015316] /home/daoist/dotfiles/zsh/antigen/bin/antigen.zsh:1527
[WRN][1642508914.9690015316] Replaced hooked function.
[LOG][1642508914.9690713882] /home/daoist/dotfiles/zsh/antigen/bin/antigen.zsh:1536
[LOG][1642508914.9690713882] Return from hook -antigen-load-source with 0
[LOG][1642508914.9692034721] /home/daoist/dotfiles/zsh/antigen/bin/antigen.zsh:1536
[LOG][1642508914.9692034721] Return from hook antigen-bundle with 0
[WRN][1642508914.9693837166] /home/daoist/dotfiles/zsh/antigen/bin/antigen.zsh:1487
[WRN][1642508914.9693837166] Updated meta: target antigen-bundle mode repeat type pre called 27
[WRN][1642508914.9694559574] /home/daoist/dotfiles/zsh/antigen/bin/antigen.zsh:1502
[WRN][1642508914.9694559574] Processing hooks: antigen-bundle-cached
[WRN][1642508914.9695146084] /home/daoist/dotfiles/zsh/antigen/bin/antigen.zsh:1505
[WRN][1642508914.9695146084] Pre hook: antigen-bundle-cached skywind3000/z.lua
[WRN][1642508914.9696111679] /home/daoist/dotfiles/zsh/antigen/bin/antigen.zsh:1523
[WRN][1642508914.9696111679] -antigen-hook-antigen-bundle skywind3000/z.lua
[TRA][1642508914.9696738720] /home/daoist/dotfiles/zsh/antigen/bin/antigen.zsh:1456
[TRA][1642508914.9696738720] Called antigen-bundle with skywind3000/z.lua BUNDLE
[TRA][1642508914.9696738720] TRACE
-antigen-hook-antigen-bundle
-antigen-hook-handler
antigen-bundle
antigen-bundle-parallel-execute
antigen-apply-parallel-execute
-antigen-hook-handler
antigen-apply
-antigen-hook-antigen
-antigen-hook-handler
antigen
/home/daoist/.zshrc
[WRN][1642508914.9703421593] /home/daoist/dotfiles/zsh/antigen/bin/antigen.zsh:1487
[WRN][1642508914.9703421593] Updated meta: target -antigen-load-env mode repeat type replace called 9
[WRN][1642508914.9704303741] /home/daoist/dotfiles/zsh/antigen/bin/antigen.zsh:1502
[WRN][1642508914.9704303741] Processing hooks: -antigen-load-env-cached
[WRN][1642508914.9705328941] /home/daoist/dotfiles/zsh/antigen/bin/antigen.zsh:1516
[WRN][1642508914.9705328941] Replace hook: -antigen-load-env-cached dir /home/daoist/dotfiles/zsh/.antigen/bundles/skywind3000/z.lua btype plugin url https://github.com/skywind3000/z.lua.git loc / name skywind3000/z.lua make_local_clone true
[WRN][1642508914.9706759453] /home/daoist/dotfiles/zsh/antigen/bin/antigen.zsh:1527
[WRN][1642508914.9706759453] Replaced hooked function.
[LOG][1642508914.9707429409] /home/daoist/dotfiles/zsh/antigen/bin/antigen.zsh:1536
[LOG][1642508914.9707429409] Return from hook -antigen-load-env with 0
[WRN][1642508914.9709339142] /home/daoist/dotfiles/zsh/antigen/bin/antigen.zsh:1487
[WRN][1642508914.9709339142] Updated meta: target -antigen-load-source mode repeat type replace called 9
[WRN][1642508914.9710133076] /home/daoist/dotfiles/zsh/antigen/bin/antigen.zsh:1502
[WRN][1642508914.9710133076] Processing hooks: -antigen-load-source-cached
[WRN][1642508914.9710938931] /home/daoist/dotfiles/zsh/antigen/bin/antigen.zsh:1516
[WRN][1642508914.9710938931] Replace hook: -antigen-load-source-cached /home/daoist/dotfiles/zsh/.antigen/bundles/skywind3000/z.lua///z.lua.plugin.zsh
[WRN][1642508914.9711837769] /home/daoist/dotfiles/zsh/antigen/bin/antigen.zsh:1527
[WRN][1642508914.9711837769] Replaced hooked function.
[LOG][1642508914.9712471962] /home/daoist/dotfiles/zsh/antigen/bin/antigen.zsh:1536
[LOG][1642508914.9712471962] Return from hook -antigen-load-source with 0
[LOG][1642508914.9713733196] /home/daoist/dotfiles/zsh/antigen/bin/antigen.zsh:1536
[LOG][1642508914.9713733196] Return from hook antigen-bundle with 0
[WRN][1642508914.9714584351] /home/daoist/dotfiles/zsh/antigen/bin/antigen.zsh:1757
[WRN][1642508914.9714584351] Parallel install done PARALLEL
[WRN][1642508914.9717128277] /home/daoist/dotfiles/zsh/antigen/bin/antigen.zsh:1480
[WRN][1642508914.9717128277] Ignoring hook due to mode once: antigen-apply-lock
[WRN][1642508914.9717941284] /home/daoist/dotfiles/zsh/antigen/bin/antigen.zsh:1480
[WRN][1642508914.9717941284] Ignoring hook due to mode once: antigen-apply-parallel
[WRN][1642508914.9718694687] /home/daoist/dotfiles/zsh/antigen/bin/antigen.zsh:1480
[WRN][1642508914.9718694687] Ignoring hook due to mode once: antigen-apply-defer
[WRN][1642508914.9719431400] /home/daoist/dotfiles/zsh/antigen/bin/antigen.zsh:1480
[WRN][1642508914.9719431400] Ignoring hook due to mode once: antigen-apply-cached
[WRN][1642508914.9720022678] /home/daoist/dotfiles/zsh/antigen/bin/antigen.zsh:1502
[WRN][1642508914.9720022678] Processing hooks: antigen-apply-lock antigen-apply-parallel antigen-apply-defer antigen-apply-cached
[WRN][1642508914.9720695019] /home/daoist/dotfiles/zsh/antigen/bin/antigen.zsh:1523
[WRN][1642508914.9720695019] -antigen-hook-antigen-apply 
[LOG][1642508914.9721314907] /home/daoist/dotfiles/zsh/antigen/bin/antigen.zsh:1456
[LOG][1642508914.9721314907] Called antigen-apply
[TRA][1642508914.9721848965] /home/daoist/dotfiles/zsh/antigen/bin/antigen.zsh:1457
[TRA][1642508914.9721848965] Gonna create compdump file @ apply COMPDUMP
[TRA][1642508914.9721848965] TRACE
-antigen-hook-antigen-apply
-antigen-hook-handler
antigen-apply
antigen-apply-parallel-execute
-antigen-hook-handler
antigen-apply
-antigen-hook-antigen
-antigen-hook-handler
antigen
/home/daoist/.zshrc
[LOG][1642508914.9862415791] /home/daoist/dotfiles/zsh/antigen/bin/antigen.zsh:1536
[LOG][1642508914.9862415791] Return from hook antigen-apply with 0
[WRN][1642508914.9864523411] /home/daoist/dotfiles/zsh/antigen/bin/antigen.zsh:1527
[WRN][1642508914.9864523411] Replaced hooked function.
[WRN][1642508914.9865241051] /home/daoist/dotfiles/zsh/antigen/bin/antigen.zsh:1531
[WRN][1642508914.9865241051] Post hook: antigen-apply-lock
[WRN][1642508914.9865927696] /home/daoist/dotfiles/zsh/antigen/bin/antigen.zsh:1694
[WRN][1642508914.9865927696] Freeing antigen-lock file at /home/daoist/dotfiles/zsh/.antigen/.lock
[WRN][1642508914.9878056049] /home/daoist/dotfiles/zsh/antigen/bin/antigen.zsh:1531
[WRN][1642508914.9878056049] Post hook: antigen-apply-cached
[LOG][1642508914.9879264832] /home/daoist/dotfiles/zsh/antigen/bin/antigen.zsh:1912
[LOG][1642508914.9879264832] TRACE: /home/daoist/dotfiles/zsh/antigen/bin/antigen.zsh:1532 /home/daoist/dotfiles/zsh/antigen/bin/antigen.zsh:1459 /home/daoist/dotfiles/zsh/antigen/bin/antigen.zsh:1465 /home/daoist/dotfiles/zsh/antigen/bin/antigen.zsh:1524 /home/daoist/dotfiles/zsh/antigen/bin/antigen.zsh:1459 /home/daoist/.zshrc:34 zsh:0
[LOG][1642508914.9881074429] /home/daoist/dotfiles/zsh/antigen/bin/antigen.zsh:1805
[LOG][1642508914.9881074429] Gonna generate cache for /home/daoist/dotfiles/zsh/.antigen/bundles/robbyrussell/oh-my-zsh/lib /home/daoist/dotfiles/zsh/.antigen/bundles/robbyrussell/oh-my-zsh/lib/bzr.zsh /home/daoist/dotfiles/zsh/.antigen/bundles/robbyrussell/oh-my-zsh/lib/clipboard.zsh /home/daoist/dotfiles/zsh/.antigen/bundles/robbyrussell/oh-my-zsh/lib/cli.zsh /home/daoist/dotfiles/zsh/.antigen/bundles/robbyrussell/oh-my-zsh/lib/compfix.zsh /home/daoist/dotfiles/zsh/.antigen/bundles/robbyrussell/oh-my-zsh/lib/completion.zsh /home/daoist/dotfiles/zsh/.antigen/bundles/robbyrussell/oh-my-zsh/lib/correction.zsh /home/daoist/dotfiles/zsh/.antigen/bundles/robbyrussell/oh-my-zsh/lib/diagnostics.zsh /home/daoist/dotfiles/zsh/.antigen/bundles/robbyrussell/oh-my-zsh/lib/directories.zsh /home/daoist/dotfiles/zsh/.antigen/bundles/robbyrussell/oh-my-zsh/lib/functions.zsh /home/daoist/dotfiles/zsh/.antigen/bundles/robbyrussell/oh-my-zsh/lib/git.zsh /home/daoist/dotfiles/zsh/.antigen/bundles/robbyrussell/oh-my-zsh/lib/grep.zsh /home/daoist/dotfiles/zsh/.antigen/bundles/robbyrussell/oh-my-zsh/lib/history.zsh /home/daoist/dotfiles/zsh/.antigen/bundles/robbyrussell/oh-my-zsh/lib/key-bindings.zsh /home/daoist/dotfiles/zsh/.antigen/bundles/robbyrussell/oh-my-zsh/lib/misc.zsh /home/daoist/dotfiles/zsh/.antigen/bundles/robbyrussell/oh-my-zsh/lib/nvm.zsh /home/daoist/dotfiles/zsh/.antigen/bundles/robbyrussell/oh-my-zsh/lib/prompt_info_functions.zsh /home/daoist/dotfiles/zsh/.antigen/bundles/robbyrussell/oh-my-zsh/lib/spectrum.zsh /home/daoist/dotfiles/zsh/.antigen/bundles/robbyrussell/oh-my-zsh/lib/termsupport.zsh /home/daoist/dotfiles/zsh/.antigen/bundles/robbyrussell/oh-my-zsh/lib/theme-and-appearance.zsh /home/daoist/dotfiles/zsh/.antigen/bundles/robbyrussell/oh-my-zsh/plugins/sudo /home/daoist/dotfiles/zsh/.antigen/bundles/robbyrussell/oh-my-zsh/plugins/sudo/sudo.plugin.zsh /home/daoist/dotfiles/zsh/.antigen/bundles/robbyrussell/oh-my-zsh/plugins/extract /home/daoist/dotfiles/zsh/.antigen/bundles/robbyrussell/oh-my-zsh/plugins/extract/extract.plugin.zsh /home/daoist/dotfiles/zsh/.antigen/bundles/robbyrussell/oh-my-zsh/plugins/command-not-found /home/daoist/dotfiles/zsh/.antigen/bundles/robbyrussell/oh-my-zsh/plugins/command-not-found/command-not-found.plugin.zsh /home/daoist/dotfiles/zsh/.antigen/bundles/zsh-users/zsh-completions// /home/daoist/dotfiles/zsh/.antigen/bundles/zsh-users/zsh-completions///zsh-completions.plugin.zsh /home/daoist/dotfiles/zsh/.antigen/bundles/zsh-users/zsh-autosuggestions// /home/daoist/dotfiles/zsh/.antigen/bundles/zsh-users/zsh-autosuggestions///zsh-autosuggestions.plugin.zsh /home/daoist/dotfiles/zsh/.antigen/bundles/zsh-users/zsh-syntax-highlighting// /home/daoist/dotfiles/zsh/.antigen/bundles/zsh-users/zsh-syntax-highlighting///zsh-syntax-highlighting.plugin.zsh /home/daoist/dotfiles/zsh/.antigen/bundles/zsh-users/zsh-history-substring-search// /home/daoist/dotfiles/zsh/.antigen/bundles/zsh-users/zsh-history-substring-search///zsh-history-substring-search.plugin.zsh /home/daoist/dotfiles/zsh/.antigen/bundles/skywind3000/z.lua// /home/daoist/dotfiles/zsh/.antigen/bundles/skywind3000/z.lua///z.lua.plugin.zsh
[LOG][1642508914.9948203564] /home/daoist/dotfiles/zsh/antigen/bin/antigen.zsh:1863
[LOG][1642508914.9948203564] CHECK_FILES /home/daoist/.zshrc /home/daoist/.zshrc
[LOG][1642508915.0738387108] /home/daoist/dotfiles/zsh/antigen/bin/antigen.zsh:1536
[LOG][1642508915.0738387108] Return from hook antigen-apply with 0
[LOG][1642508915.0740201473] /home/daoist/dotfiles/zsh/antigen/bin/antigen.zsh:1536
[LOG][1642508915.0740201473] Return from hook antigen with 0
